<?xml version="1.0" encoding="UTF-8"?>
<testng-results skipped="0" failed="0" ignored="0" total="1" passed="1">
  <reporter-output>
  </reporter-output>
  <suite name="Default suite" duration-ms="2835" started-at="2023-02-26T19:58:57Z" finished-at="2023-02-26T19:59:00Z">
    <groups>
    </groups>
    <test name="Default test" duration-ms="2835" started-at="2023-02-26T19:58:57Z" finished-at="2023-02-26T19:59:00Z">
      <class name="test.MonthDropDownTest2">
        <test-method status="PASS" signature="MonthDropDownTest()[pri:0, instance:test.MonthDropDownTest2@1753acfe]" name="MonthDropDownTest" duration-ms="2827" started-at="2023-02-26T19:58:57Z" finished-at="2023-02-26T19:59:00Z">
          <reporter-output>
          </reporter-output>
        </test-method> <!-- MonthDropDownTest -->
      </class> <!-- test.MonthDropDownTest2 -->
    </test> <!-- Default test -->
  </suite> <!-- Default suite -->
</testng-results>
